A suitable version of cmake was not found (required v3.25.1) Downloading portable cmake 3.25.1...
Downloading cmake...
https://github.com/Kitware/CMake/releases/download/v3.25.1/cmake-3.25.1-linux-x86_64.tar.gz->/home/ryan/Documents/raytracer/vcpkg/downloads/cmake-3.25.1-linux-x86_64.tar.gz
Extracting cmake...
Detecting compiler hash for triplet x64-linux...
The following packages will be built and installed:
    glfw3[core]:x64-linux -> 3.3.8#2
    glslang[core,tools]:x64-linux -> 12.1.0
  * vcpkg-cmake[core]:x64-linux -> 2022-12-22
  * vcpkg-cmake-config[core]:x64-linux -> 2022-02-06#1
Additional packages (*) will be modified to complete this operation.
Restored 4 package(s) from /home/ryan/.cache/vcpkg/archives in 537 ms. Use --debug to see more details.
Installing 1/4 vcpkg-cmake-config:x64-linux...
Elapsed time to handle vcpkg-cmake-config:x64-linux: 730 us
Installing 2/4 vcpkg-cmake:x64-linux...
Elapsed time to handle vcpkg-cmake:x64-linux: 408 us
Installing 3/4 glfw3:x64-linux...
Elapsed time to handle glfw3:x64-linux: 1.76 ms
Installing 4/4 glslang:x64-linux...
Elapsed time to handle glslang:x64-linux: 91.9 ms
Total install time: 632 ms
glfw3 provides CMake targets:

    # this is heuristically generated, and may not be correct
    find_package(glfw3 CONFIG REQUIRED)
    target_link_libraries(main PRIVATE glfw)

glslang provides CMake targets:

    find_package(glslang CONFIG REQUIRED)
    target_link_libraries(main PRIVATE glslang::OSDependent glslang::glslang glslang::MachineIndependent glslang::GenericCodeGen glslang::glslang-default-resource-limits glslang::OGLCompiler glslang::SPVRemapper glslang::SPIRV glslang::HLSL)

